[0.026s] Invoking command in '/home/andy/gz_ws/build/gz-waves1': /usr/bin/cmake /home/andy/gz_ws/src/asv_wave_sim/gz-waves -DCMAKE_BUILD_TYPE=RelWithDebInfo -DBUILD_TESTING=ON -DCMAKE_CXX_STANDARD=17 -DCMAKE_INSTALL_PREFIX=/home/andy/gz_ws/install
[0.317s] -- The C compiler identification is GNU 11.4.0
[0.992s] -- The CXX compiler identification is GNU 11.4.0
[1.438s] -- Detecting C compiler ABI info
[1.614s] -- Detecting C compiler ABI info - done
[1.627s] -- Check for working C compiler: /usr/bin/cc - skipped
[1.630s] -- Detecting C compile features
[1.631s] -- Detecting C compile features - done
[1.639s] -- Detecting CXX compiler ABI info
[1.829s] -- Detecting CXX compiler ABI info - done
[1.842s] -- Check for working CXX compiler: /usr/bin/c++ - skipped
[1.843s] -- Detecting CXX compile features
[1.843s] -- Detecting CXX compile features - done
[1.877s] -- gz-waves1 version 1.0.0
[1.877s] -- Operating system is Linux
[2.033s] -- Found CPack generators: DEB
[3.885s] -- Found Boost: /usr/lib/x86_64-linux-gnu/cmake/Boost-1.74.0/BoostConfig.cmake (found version "1.74.0") found components: iostreams system filesystem 
[3.891s] -- Looking for gz-math7 -- found version 7.5.1
[3.893s] -- Searching for dependencies of gz-math7
[3.899s] -- Looking for gz-utils2 -- found version 2.2.0
[3.899s] -- Searching for dependencies of gz-utils2
[3.903s] -- Searching for <gz-math7> component [eigen3]
[3.907s] -- Looking for gz-math7-eigen3 -- found version 7.5.1
[3.907s] -- Searching for dependencies of gz-math7-eigen3
[3.920s] -- Looking for gz-math7 - found
[3.920s] 
[3.926s] -- Looking for gz-plugin2 -- found version 2.0.3
[3.927s] -- Searching for dependencies of gz-plugin2
[3.927s] -- Looking for gz-utils2 -- found version 2.2.0
[3.928s] -- Searching for dependencies of gz-utils2
[3.928s] -- Searching for <gz-utils2> component [cli]
[3.933s] -- Looking for gz-utils2-cli -- found version 2.2.0
[3.934s] -- Searching for dependencies of gz-utils2-cli
[3.937s] -- Searching for <gz-plugin2> component [loader]
[3.941s] -- Looking for gz-plugin2-loader -- found version 2.0.3
[3.943s] -- Searching for dependencies of gz-plugin2-loader
[3.945s] -- Searching for <gz-plugin2> component [register]
[3.949s] -- Looking for gz-plugin2-register -- found version 2.0.3
[3.950s] -- Searching for dependencies of gz-plugin2-register
[3.951s] -- Looking for gz-plugin2 - found
[3.951s] 
[3.956s] -- Looking for gz-common5 -- found version 5.7.0
[3.957s] -- Searching for dependencies of gz-common5
[3.957s] -- Looking for gz-utils2 -- found version 2.2.0
[4.006s] -- Looking for dlfcn.h - found
[4.155s] -- Looking for libdl - found
[4.157s] -- Found DL: TRUE  
[4.171s] -- Checking for module 'uuid'
[4.191s] --   Found uuid, version 2.37.2
[4.230s] -- Found UUID: TRUE  
[4.233s] -- Searching for <gz-common5> component [graphics]
[4.238s] -- Looking for gz-common5-graphics -- found version 5.7.0
[4.238s] -- Searching for dependencies of gz-common5-graphics
[4.239s] -- Looking for gz-math7 -- found version 7.5.1
[4.252s] -- Found GzAssimp: TRUE (found version "5.2.0") 
[4.255s] -- Searching for <gz-common5> component [events]
[4.259s] -- Looking for gz-common5-events -- found version 5.7.0
[4.259s] -- Searching for dependencies of gz-common5-events
[4.260s] -- Looking for gz-math7 -- found version 7.5.1
[4.263s] -- Looking for gz-common5 - found
[4.263s] 
[4.267s] -- Looking for gz-msgs9 -- found version 9.5.1
[4.267s] -- Searching for dependencies of gz-msgs9
[6.524s] -- Found Protobuf: /usr/lib/x86_64-linux-gnu/libprotobuf.so (found version "3.12.4") 
[6.525s] -- Looking for gz-math7 -- found version 7.5.1
[6.533s] -- Checking for module 'tinyxml2'
[6.548s] --   Found tinyxml2, version 9.0.0
[6.581s] -- Looking for gz-msgs9 - found
[6.581s] 
[6.587s] -- Looking for gz-transport12 -- found version 12.2.2
[6.588s] -- Searching for dependencies of gz-transport12
[9.851s] -- Config-file not installed for ZeroMQ -- checking for pkg-config
[9.857s] -- Checking for module 'libzmq >= 4'
[9.893s] --   Found libzmq , version 4.3.4
[9.929s] -- Found ZeroMQ: TRUE (Required is at least version "4") 
[9.994s] -- Looking for gz-utils2 -- found version 2.2.0
[9.995s] -- Looking for gz-msgs9 -- found version 9.5.1
[9.997s] -- Looking for gz-transport12 - found
[9.998s] 
[10.001s] -- Looking for gz-rendering7 -- found version 7.5.0
[10.001s] -- Searching for dependencies of gz-rendering7
[10.003s] -- Looking for gz-math7 -- found version 7.5.1
[10.003s] -- Looking for gz-common5 -- found version 5.7.0
[10.003s] -- Searching for dependencies of gz-common5
[10.004s] -- Looking for gz-utils2 -- found version 2.2.0
[10.004s] -- Looking for dlfcn.h - found
[10.004s] -- Looking for libdl - found
[10.017s] -- Searching for <gz-common5> component [graphics]
[10.017s] -- Searching for <gz-common5> component [events]
[10.017s] -- Searching for <gz-common5> component [geospatial]
[10.021s] -- Looking for gz-common5-geospatial -- found version 5.7.0
[10.022s] -- Searching for dependencies of gz-common5-geospatial
[10.023s] -- Looking for gz-math7 -- found version 7.5.1
[10.024s] -- Looking for gz-common5 -- found version 5.7.0
[10.026s] -- Looking for gz-plugin2 -- found version 2.0.3
[10.027s] -- Searching for dependencies of gz-plugin2
[10.027s] -- Looking for gz-utils2 -- found version 2.2.0
[10.027s] -- Searching for <gz-plugin2> component [all]
[10.031s] -- Looking for all libraries of gz-plugin2 -- found version 2.0.3
[10.031s] -- Looking for gz-plugin2 -- found version 2.0.3
[10.034s] -- Looking for gz-utils2 -- found version 2.2.0
[10.571s] -- Found OpenGL: /usr/lib/x86_64-linux-gnu/libOpenGL.so  found components: OpenGL 
[10.574s] -- Looking for gz-rendering7 - found
[10.574s] 
[10.601s] -- Looking for gz-sim7 -- found version 7.9.0
[10.602s] -- Searching for dependencies of gz-sim7
[10.605s] -- Looking for sdformat13 -- found version 13.9.0
[10.606s] -- Searching for dependencies of sdformat13
[10.613s] -- Looking for gz-math7 -- found version 7.5.1
[10.614s] -- Looking for gz-utils2 -- found version 2.2.0
[10.617s] -- Looking for gz-plugin2 -- found version 2.0.3
[10.618s] -- Looking for gz-transport12 -- found version 12.2.2
[10.619s] -- Searching for dependencies of gz-transport12
[13.348s] -- Config-file not installed for ZeroMQ -- checking for pkg-config
[13.354s] -- Checking for module 'libzmq >= 4'
[13.367s] --   Found libzmq , version 4.3.4
[13.412s] -- Looking for gz-utils2 -- found version 2.2.0
[13.412s] -- Looking for gz-msgs9 -- found version 9.5.1
[13.413s] -- Searching for <gz-transport12> component [log]
[13.424s] -- Looking for gz-transport12-log -- found version 12.2.2
[13.425s] -- Searching for dependencies of gz-transport12-log
[13.427s] -- Searching for <gz-transport12> component [parameters]
[13.430s] -- Looking for gz-transport12-parameters -- found version 12.2.2
[13.431s] -- Searching for dependencies of gz-transport12-parameters
[13.433s] -- Looking for gz-msgs9 -- found version 9.5.1
[13.433s] -- Looking for gz-common5 -- found version 5.7.0
[13.434s] -- Searching for dependencies of gz-common5
[13.434s] -- Looking for gz-utils2 -- found version 2.2.0
[13.435s] -- Looking for dlfcn.h - found
[13.435s] -- Looking for libdl - found
[13.447s] -- Searching for <gz-common5> component [profiler]
[13.451s] -- Looking for gz-common5-profiler -- found version 5.7.0
[13.451s] -- Searching for dependencies of gz-common5-profiler
[13.453s] -- Searching for <gz-common5> component [events]
[13.454s] -- Searching for <gz-common5> component [av]
[13.458s] -- Looking for gz-common5-av -- found version 5.7.0
[13.458s] -- Searching for dependencies of gz-common5-av
[13.466s] -- Checking for module 'libswscale'
[13.481s] --   Found libswscale, version 5.9.100
[13.514s] -- Found SWSCALE: TRUE  
[13.523s] -- Checking for module 'libavdevice >= 56.4.100'
[13.540s] --   Found libavdevice , version 58.13.100
[13.578s] -- Found AVDEVICE: TRUE (Required is at least version "56.4.100") 
[13.587s] -- Checking for module 'libavformat'
[13.601s] --   Found libavformat, version 58.76.100
[13.635s] -- Found AVFORMAT: TRUE  
[13.644s] -- Checking for module 'libavcodec'
[13.655s] --   Found libavcodec, version 58.134.100
[13.691s] -- Found AVCODEC: TRUE  
[13.700s] -- Checking for module 'libavutil'
[13.714s] --   Found libavutil, version 56.70.100
[13.746s] -- Found AVUTIL: TRUE  
[13.748s] -- Searching for <gz-common5> component [io]
[13.752s] -- Looking for gz-common5-io -- found version 5.7.0
[13.753s] -- Searching for dependencies of gz-common5-io
[13.760s] -- Looking for gz-fuel_tools8 -- found version 8.2.0
[13.761s] -- Searching for dependencies of gz-fuel_tools8
[15.394s] -- Found CURL: /usr/lib/x86_64-linux-gnu/libcurl.so (found version "7.81.0")  
[15.409s] -- Checking for module 'jsoncpp'
[15.424s] --   Found jsoncpp, version 1.9.5
[15.456s] -- Found JSONCPP: TRUE  
[15.467s] -- Checking for module 'libzip'
[15.481s] --   Found libzip, version 1.7.3
[15.514s] -- Found ZIP: TRUE  
[15.514s] -- Looking for gz-utils2 -- found version 2.2.0
[15.515s] -- Looking for gz-common5 -- found version 5.7.0
[15.516s] -- Searching for dependencies of gz-common5
[15.516s] -- Looking for gz-utils2 -- found version 2.2.0
[15.517s] -- Looking for dlfcn.h - found
[15.517s] -- Looking for libdl - found
[15.528s] -- Searching for <gz-common5> component [testing]
[15.531s] -- Looking for gz-common5-testing -- found version 5.7.0
[15.532s] -- Searching for dependencies of gz-common5-testing
[15.535s] -- Looking for gz-math7 -- found version 7.5.1
[15.535s] -- Looking for gz-msgs9 -- found version 9.5.1
[15.542s] -- Looking for gz-gui7 -- found version 7.2.2
[15.542s] -- Searching for dependencies of gz-gui7
[16.853s] -- Looking for gz-utils2 -- found version 2.2.0
[16.854s] -- Looking for gz-math7 -- found version 7.5.1
[16.854s] -- Looking for gz-common5 -- found version 5.7.0
[16.855s] -- Looking for gz-plugin2 -- found version 2.0.3
[16.855s] -- Looking for gz-transport12 -- found version 12.2.2
[16.856s] -- Looking for gz-rendering7 -- found version 7.5.0
[16.857s] -- Looking for gz-msgs9 -- found version 9.5.1
[17.030s] -- Looking for gz-physics6 -- found version 6.7.0
[17.031s] -- Searching for dependencies of gz-physics6
[17.031s] -- Looking for gz-common5 -- found version 5.7.0
[17.032s] -- Looking for gz-math7 -- found version 7.5.1
[17.033s] -- Looking for gz-plugin2 -- found version 2.0.3
[17.033s] -- Looking for gz-utils2 -- found version 2.2.0
[17.036s] -- Searching for <gz-physics6> component [heightmap]
[17.039s] -- Looking for gz-physics6-heightmap -- found version 6.7.0
[17.040s] -- Searching for dependencies of gz-physics6-heightmap
[17.040s] -- Looking for gz-common5 -- found version 5.7.0
[17.042s] -- Searching for <gz-physics6> component [mesh]
[17.046s] -- Looking for gz-physics6-mesh -- found version 6.7.0
[17.046s] -- Searching for dependencies of gz-physics6-mesh
[17.047s] -- Looking for gz-common5 -- found version 5.7.0
[17.048s] -- Searching for <gz-physics6> component [sdf]
[17.052s] -- Looking for gz-physics6-sdf -- found version 6.7.0
[17.053s] -- Searching for dependencies of gz-physics6-sdf
[17.053s] -- Looking for sdformat13 -- found version 13.9.0
[17.065s] -- Looking for gz-sensors7 -- found version 7.3.1
[17.065s] -- Searching for dependencies of gz-sensors7
[18.373s] -- Looking for gz-math7 -- found version 7.5.1
[18.374s] -- Looking for gz-common5 -- found version 5.7.0
[18.374s] -- Looking for gz-transport12 -- found version 12.2.2
[18.375s] -- Looking for gz-rendering7 -- found version 7.5.0
[18.376s] -- Looking for gz-msgs9 -- found version 9.5.1
[18.376s] -- Looking for sdformat13 -- found version 13.9.0
[18.386s] -- Searching for <gz-sensors7> component [air_pressure]
[18.390s] -- Looking for gz-sensors7-air_pressure -- found version 7.3.1
[18.390s] -- Searching for dependencies of gz-sensors7-air_pressure
[18.392s] -- Searching for <gz-sensors7> component [air_speed]
[18.395s] -- Looking for gz-sensors7-air_speed -- found version 7.3.1
[18.396s] -- Searching for dependencies of gz-sensors7-air_speed
[18.398s] -- Searching for <gz-sensors7> component [altimeter]
[18.402s] -- Looking for gz-sensors7-altimeter -- found version 7.3.1
[18.402s] -- Searching for dependencies of gz-sensors7-altimeter
[18.404s] -- Searching for <gz-sensors7> component [imu]
[18.408s] -- Looking for gz-sensors7-imu -- found version 7.3.1
[18.409s] -- Searching for dependencies of gz-sensors7-imu
[18.411s] -- Searching for <gz-sensors7> component [force_torque]
[18.414s] -- Looking for gz-sensors7-force_torque -- found version 7.3.1
[18.414s] -- Searching for dependencies of gz-sensors7-force_torque
[18.417s] -- Searching for <gz-sensors7> component [logical_camera]
[18.420s] -- Looking for gz-sensors7-logical_camera -- found version 7.3.1
[18.420s] -- Searching for dependencies of gz-sensors7-logical_camera
[18.422s] -- Searching for <gz-sensors7> component [magnetometer]
[18.426s] -- Looking for gz-sensors7-magnetometer -- found version 7.3.1
[18.426s] -- Searching for dependencies of gz-sensors7-magnetometer
[18.428s] -- Searching for <gz-sensors7> component [navsat]
[18.431s] -- Looking for gz-sensors7-navsat -- found version 7.3.1
[18.432s] -- Searching for dependencies of gz-sensors7-navsat
[18.434s] -- Searching for <gz-sensors7> component [rendering]
[18.437s] -- Looking for gz-sensors7-rendering -- found version 7.3.1
[18.438s] -- Searching for dependencies of gz-sensors7-rendering
[18.440s] -- Searching for <gz-sensors7> component [lidar]
[18.443s] -- Looking for gz-sensors7-lidar -- found version 7.3.1
[18.444s] -- Searching for dependencies of gz-sensors7-lidar
[18.446s] -- Looking for gz-sensors7 -- found version 7.3.1
[18.448s] -- Searching for <gz-sensors7> component [gpu_lidar]
[18.451s] -- Looking for gz-sensors7-gpu_lidar -- found version 7.3.1
[18.452s] -- Searching for dependencies of gz-sensors7-gpu_lidar
[18.452s] -- Looking for gz-sensors7 -- found version 7.3.1
[18.454s] -- Searching for <gz-sensors7> component [camera]
[18.458s] -- Looking for gz-sensors7-camera -- found version 7.3.1
[18.459s] -- Searching for dependencies of gz-sensors7-camera
[18.459s] -- Looking for gz-sensors7 -- found version 7.3.1
[18.462s] -- Searching for <gz-sensors7> component [boundingbox_camera]
[18.466s] -- Looking for gz-sensors7-boundingbox_camera -- found version 7.3.1
[18.466s] -- Searching for dependencies of gz-sensors7-boundingbox_camera
[18.468s] -- Searching for <gz-sensors7> component [segmentation_camera]
[18.472s] -- Looking for gz-sensors7-segmentation_camera -- found version 7.3.1
[18.472s] -- Searching for dependencies of gz-sensors7-segmentation_camera
[18.474s] -- Searching for <gz-sensors7> component [depth_camera]
[18.477s] -- Looking for gz-sensors7-depth_camera -- found version 7.3.1
[18.478s] -- Searching for dependencies of gz-sensors7-depth_camera
[18.478s] -- Looking for gz-sensors7 -- found version 7.3.1
[18.481s] -- Searching for <gz-sensors7> component [rgbd_camera]
[18.484s] -- Looking for gz-sensors7-rgbd_camera -- found version 7.3.1
[18.484s] -- Searching for dependencies of gz-sensors7-rgbd_camera
[18.485s] -- Looking for gz-sensors7 -- found version 7.3.1
[18.487s] -- Searching for <gz-sensors7> component [thermal_camera]
[18.490s] -- Looking for gz-sensors7-thermal_camera -- found version 7.3.1
[18.490s] -- Searching for dependencies of gz-sensors7-thermal_camera
[18.491s] -- Looking for gz-sensors7 -- found version 7.3.1
[18.493s] -- Searching for <gz-sensors7> component [wide_angle_camera]
[18.496s] -- Looking for gz-sensors7-wide_angle_camera -- found version 7.3.1
[18.497s] -- Searching for dependencies of gz-sensors7-wide_angle_camera
[18.499s] -- Looking for gz-rendering7 -- found version 7.5.0
[18.500s] -- Looking for gz-math7 -- found version 7.5.1
[18.501s] -- Looking for gz-utils2 -- found version 2.2.0
[19.819s] -- Looking for gz-sim7 - found
[19.819s] 
[19.820s] -- Looking for sdformat13 -- found version 13.9.0
[19.820s] -- Looking for sdformat13 - found
[19.820s] 
[19.820s] -- Compiling against Gazebo Garden
[19.886s] -- Checking for module 'OGRE-RTShaderSystem >= 1.9'
[19.900s] --   Found OGRE-RTShaderSystem , version 1.9.0
[19.945s] -- Checking for module 'OGRE-Terrain >= 1.9'
[19.961s] --   Found OGRE-Terrain , version 1.9.0
[20.005s] -- Checking for module 'OGRE-Overlay >= 1.9'
[20.021s] --   Found OGRE-Overlay , version 1.9.0
[20.063s] -- Checking for module 'OGRE-Paging >= 1.9'
[20.077s] --   Found OGRE-Paging , version 1.9.0
[20.121s] -- Looking for GzOGRE - found
[20.121s] 
[20.138s] -- Looking for OGRE using the name: OGRE2
[20.349s] --   + component HlmsPbs: found
[20.495s] --   + component HlmsUnlit: found
[20.643s] --   + component Overlay: found
[20.793s] --   + component PlanarReflections: found
[20.794s] -- Looking for GzOGRE2 - found
[20.795s] 
[20.807s] -- Using header-only CGAL
[20.811s] -- Targetting Unix Makefiles
[20.811s] -- Using /usr/bin/c++ compiler.
[21.227s] -- Found GMP: /usr/lib/x86_64-linux-gnu/libgmp.so  
[21.413s] -- Found MPFR: /usr/lib/x86_64-linux-gnu/libmpfr.so  
[21.576s] -- Found Boost: /usr/lib/x86_64-linux-gnu/cmake/Boost-1.74.0/BoostConfig.cmake (found suitable version "1.74.0", minimum required is "1.48")  
[21.577s] -- Boost include dirs: /usr/include
[21.577s] -- Boost libraries:    
[21.579s] -- Using gcc version 4 or later. Adding -frounding-math
[21.582s] [0mCGAL_VERSION_MAJOR: 5[0m
[21.582s] -- CGAL_USE_FILE: /usr/lib/x86_64-linux-gnu/cmake/CGAL/UseCGAL.cmake
[21.586s] -- Build type: RelWithDebInfo
[21.586s] -- USING CXXFLAGS = ' -O2 -g -DNDEBUG'
[21.586s] -- USING EXEFLAGS = ' '
[21.587s] -- Requested component: Core
[24.746s] -- 
[24.746s] -- Searching for host SSE information
[24.782s] -- SSE2 found
[24.782s] -- SSE3 found
[24.782s] -- SSE4.1 found
[24.783s] -- SSE4.2 found
[24.811s] -- Configuring library: gz-waves1-dynamic-geometry-system
[24.815s] -- Performing Test COMPILER_HAS_HIDDEN_VISIBILITY
[24.982s] -- Performing Test COMPILER_HAS_HIDDEN_VISIBILITY - Success
[24.984s] -- Performing Test COMPILER_HAS_HIDDEN_INLINE_VISIBILITY
[25.172s] -- Performing Test COMPILER_HAS_HIDDEN_INLINE_VISIBILITY - Success
[25.173s] -- Performing Test COMPILER_HAS_DEPRECATED_ATTR
[25.358s] -- Performing Test COMPILER_HAS_DEPRECATED_ATTR - Success
[25.376s] -- Configuring library: gz-waves1-hydrodynamics-system
[25.384s] -- Configuring library: gz-waves1-rendering
[25.389s] -- Configuring library: gz-waves1-rendering-ogre2
[25.396s] -- Configuring library: gz-waves1-waves-visual-system
[25.401s] -- Configuring library: gz-waves1-waves-model-system
[25.407s] -- Configuring library: gz-waves1
[25.414s] -- Adding 13 UNIT tests
[25.688s] -- Adding 7 PERFORMANCE tests
[25.797s] -- Found Boost: /usr/lib/x86_64-linux-gnu/cmake/Boost-1.74.0/BoostConfig.cmake (found version "1.74.0") found components: iostreams 
[25.904s] -- Adding codecheck target
[25.904s] -- Build configuration successful
[25.905s] -- Build type: RelWithDebInfo
[25.905s] -- Install prefix: /home/andy/gz_ws/install
[25.906s] -- Configuring done
[26.110s] -- Generating done
[26.166s] -- Build files have been written to: /home/andy/gz_ws/build/gz-waves1
[26.198s] Invoked command in '/home/andy/gz_ws/build/gz-waves1' returned '0': /usr/bin/cmake /home/andy/gz_ws/src/asv_wave_sim/gz-waves -DCMAKE_BUILD_TYPE=RelWithDebInfo -DBUILD_TESTING=ON -DCMAKE_CXX_STANDARD=17 -DCMAKE_INSTALL_PREFIX=/home/andy/gz_ws/install
[26.199s] Invoking command in '/home/andy/gz_ws/build/gz-waves1': /usr/bin/cmake --build /home/andy/gz_ws/build/gz-waves1 -- -j8 -l8
[26.256s] [  1%] [32mBuilding CXX object test/gtest_vendor/CMakeFiles/gtest.dir/src/gtest-all.cc.o[0m
[26.258s] [  2%] [32mBuilding CXX object src/CMakeFiles/gz-waves1.dir/Algorithm.cc.o[0m
[26.265s] [  3%] [32mBuilding CXX object src/CMakeFiles/gz-waves1.dir/Convert.cc.o[0m
[26.270s] [  4%] [32mBuilding CXX object src/CMakeFiles/gz-waves1.dir/Grid.cc.o[0m
[26.270s] [  5%] [32mBuilding CXX object src/CMakeFiles/gz-waves1.dir/Geometry.cc.o[0m
[26.270s] [  5%] [32mBuilding CXX object src/CMakeFiles/gz-waves1.dir/MeshTools.cc.o[0m
[26.284s] [  6%] [32mBuilding CXX object src/CMakeFiles/gz-waves1.dir/OceanTile.cc.o[0m
[26.315s] [  7%] [32mBuilding CXX object src/CMakeFiles/gz-waves1.dir/PhysicalConstants.cc.o[0m
[26.381s] [  8%] [32mBuilding CXX object src/CMakeFiles/gz-waves1.dir/Physics.cc.o[0m
[26.691s] [  9%] [32mBuilding CXX object src/CMakeFiles/gz-waves1.dir/SubMeshWithTangents.cc.o[0m
[28.423s] [ 10%] [32mBuilding CXX object src/CMakeFiles/gz-waves1.dir/TriangulatedGrid.cc.o[0m
[34.440s] [ 11%] [32mBuilding CXX object src/CMakeFiles/gz-waves1.dir/Utilities.cc.o[0m
[35.894s] [ 12%] [32mBuilding CXX object src/CMakeFiles/gz-waves1.dir/Wavefield.cc.o[0m
[38.296s] [ 13%] [32mBuilding CXX object src/CMakeFiles/gz-waves1.dir/WavefieldSampler.cc.o[0m
[38.683s] [ 15%] [32mBuilding CXX object src/CMakeFiles/gz-waves1.dir/WaveParameters.cc.o[0m
[42.281s] [ 16%] [32m[1mLinking CXX static library ../../lib/libgtest.a[0m
[42.457s] [ 16%] Built target gtest
[42.475s] [ 17%] [32mBuilding CXX object test/gtest_vendor/CMakeFiles/gtest_main.dir/src/gtest_main.cc.o[0m
[43.335s] [ 18%] [32mBuilding CXX object src/CMakeFiles/gz-waves1.dir/WaveSimulation.cc.o[0m
[43.631s] [ 19%] [32m[1mLinking CXX static library ../../lib/libgtest_main.a[0m
[43.662s] [ 19%] Built target gtest_main
[43.671s] [ 19%] [32mBuilding CXX object src/CMakeFiles/gz-waves1.dir/LinearRandomFFTWaveSimulation.cc.o[0m
[44.656s] [ 20%] [32mBuilding CXX object src/CMakeFiles/gz-waves1.dir/LinearRandomFFTWaveSimulationRef.cc.o[0m
[44.911s] [ 21%] [32mBuilding CXX object src/CMakeFiles/gz-waves1.dir/LinearRandomWaveSimulation.cc.o[0m
[47.935s] [ 22%] [32mBuilding CXX object src/CMakeFiles/gz-waves1.dir/LinearRegularWaveSimulation.cc.o[0m
[48.428s] [ 23%] [32mBuilding CXX object src/CMakeFiles/gz-waves1.dir/TrochoidIrregularWaveSimulation.cc.o[0m
[48.689s] [ 24%] [32mBuilding CXX object src/CMakeFiles/gz-waves1.dir/WaveSpectrum.cc.o[0m
[48.900s] [ 25%] [32mBuilding CXX object src/CMakeFiles/gz-waves1.dir/WaveSpreadingFunction.cc.o[0m
[59.139s] [ 26%] [32m[1mLinking CXX shared library ../lib/libgz-waves1.so[0m
[59.748s] [ 26%] Built target gz-waves1
[59.769s] [ 27%] [32mBuilding CXX object src/CMakeFiles/UNIT_Algorithm_TEST.dir/Algorithm_TEST.cc.o[0m
[59.770s] [ 29%] [32mBuilding CXX object src/CMakeFiles/UNIT_Geometry_TEST.dir/Geometry_TEST.cc.o[0m
[59.774s] [ 30%] [32mBuilding CXX object src/CMakeFiles/UNIT_LinearRegularWaveSimulation_TEST.dir/LinearRegularWaveSimulation_TEST.cc.o[0m
[59.774s] [ 30%] [32mBuilding CXX object src/CMakeFiles/UNIT_LinearRandomFFTWaveSimulation_TEST.dir/LinearRandomFFTWaveSimulation_TEST.cc.o[0m
[59.784s] [ 31%] [32mBuilding CXX object src/CMakeFiles/UNIT_EigenFFTW_TEST.dir/EigenFFTW_TEST.cc.o[0m
[59.785s] [ 32%] [32mBuilding CXX object src/CMakeFiles/UNIT_CGAL_TEST.dir/CGAL_TEST.cc.o[0m
[59.802s] [ 33%] [32mBuilding CXX object src/CMakeFiles/UNIT_Grid_TEST.dir/Grid_TEST.cc.o[0m
[59.803s] [ 34%] [32mBuilding CXX object src/CMakeFiles/UNIT_MeshTools_TEST.dir/MeshTools_TEST.cc.o[0m
[62.637s] [ 34%] [32m[1mLinking CXX executable ../bin/UNIT_Algorithm_TEST[0m
[63.019s] [ 34%] Built target UNIT_Algorithm_TEST
[63.047s] [ 35%] [32mBuilding CXX object src/CMakeFiles/UNIT_Physics_TEST.dir/Physics_TEST.cc.o[0m
[63.299s] [ 36%] [32m[1mLinking CXX executable ../bin/UNIT_EigenFFTW_TEST[0m
[63.660s] [ 36%] Built target UNIT_EigenFFTW_TEST
[63.679s] [ 37%] [32mBuilding CXX object src/CMakeFiles/UNIT_TriangulatedGrid_TEST.dir/TriangulatedGrid_TEST.cc.o[0m
[66.235s] [ 38%] [32m[1mLinking CXX executable ../bin/UNIT_LinearRandomFFTWaveSimulation_TEST[0m
[66.721s] [ 38%] Built target UNIT_LinearRandomFFTWaveSimulation_TEST
[66.740s] [ 39%] [32mBuilding CXX object src/CMakeFiles/UNIT_Wavefield_TEST.dir/Wavefield_TEST.cc.o[0m
[70.593s] [ 40%] [32m[1mLinking CXX executable ../bin/UNIT_Grid_TEST[0m
[71.117s] [ 40%] Built target UNIT_Grid_TEST
[71.139s] [ 41%] [32mBuilding CXX object src/CMakeFiles/UNIT_WaveSpectrum_TEST.dir/WaveSpectrum_TEST.cc.o[0m
[72.626s] [ 43%] [32m[1mLinking CXX executable ../bin/UNIT_Geometry_TEST[0m
[72.645s] [ 44%] [32m[1mLinking CXX executable ../bin/UNIT_TriangulatedGrid_TEST[0m
[73.103s] [ 44%] Built target UNIT_Geometry_TEST
[73.123s] [ 45%] [32mBuilding CXX object src/CMakeFiles/UNIT_WaveSpreadingFunction_TEST.dir/WaveSpreadingFunction_TEST.cc.o[0m
[73.123s] [ 45%] Built target UNIT_TriangulatedGrid_TEST
[73.144s] [ 46%] [32mBuilding CXX object src/systems/dynamic/CMakeFiles/gz-waves1-dynamic-geometry-system.dir/DynamicGeometry.cc.o[0m
[75.573s] [ 47%] [32m[1mLinking CXX executable ../bin/UNIT_WaveSpectrum_TEST[0m
[76.232s] [ 47%] Built target UNIT_WaveSpectrum_TEST
[76.262s] [ 48%] [32mBuilding CXX object src/systems/hydrodynamics/CMakeFiles/gz-waves1-hydrodynamics-system.dir/Collision.cc.o[0m
[77.955s] [ 49%] [32m[1mLinking CXX executable ../bin/UNIT_MeshTools_TEST[0m
[77.957s] [ 50%] [32m[1mLinking CXX executable ../bin/UNIT_Wavefield_TEST[0m
[78.257s] [ 50%] Built target UNIT_Wavefield_TEST
[78.278s] [ 51%] [32mBuilding CXX object src/systems/waves/CMakeFiles/gz-waves1-rendering.dir/BaseRenderEngineExtension.cc.o[0m
[78.461s] [ 51%] Built target UNIT_MeshTools_TEST
[78.482s] [ 52%] [32mBuilding CXX object src/systems/waves/CMakeFiles/gz-waves1-waves-model-system.dir/WavesModel.cc.o[0m
[78.960s] [ 53%] [32m[1mLinking CXX executable ../bin/UNIT_LinearRegularWaveSimulation_TEST[0m
[79.448s] [ 53%] Built target UNIT_LinearRegularWaveSimulation_TEST
[79.471s] [ 54%] [32mBuilding CXX object test/performance/CMakeFiles/PERFORMANCE_EigenReturnByValue.dir/EigenReturnByValue.cc.o[0m
[80.317s] [ 54%] [32m[1mLinking CXX executable ../bin/UNIT_WaveSpreadingFunction_TEST[0m
[80.837s] [ 55%] [32m[1mLinking CXX executable ../../bin/PERFORMANCE_EigenReturnByValue[0m
[80.887s] [ 55%] Built target UNIT_WaveSpreadingFunction_TEST
[80.909s] [ 56%] [32mBuilding CXX object test/performance/CMakeFiles/PERFORMANCE_LinearRandomFFTWaveSimBaseAmplitudes.dir/LinearRandomFFTWaveSimBaseAmplitudes.cc.o[0m
[81.129s] [ 56%] Built target PERFORMANCE_EigenReturnByValue
[81.148s] [ 58%] [32mBuilding CXX object test/performance/CMakeFiles/PERFORMANCE_LinearRandomFFTWaveSimCurrentAmplitudes.dir/LinearRandomFFTWaveSimCurrentAmplitudes.cc.o[0m
[82.521s] [ 59%] [32m[1mLinking CXX executable ../bin/UNIT_Physics_TEST[0m
[83.021s] [ 59%] Built target UNIT_Physics_TEST
[83.041s] [ 60%] [32mBuilding CXX object test/performance/CMakeFiles/PERFORMANCE_LinearRandomFFTWaveSimDisplacements.dir/LinearRandomFFTWaveSimDisplacements.cc.o[0m
[83.114s] [ 60%] [32m[1mLinking CXX executable ../../bin/PERFORMANCE_LinearRandomFFTWaveSimBaseAmplitudes[0m
[83.482s] [ 61%] [32m[1mLinking CXX executable ../../bin/PERFORMANCE_LinearRandomFFTWaveSimCurrentAmplitudes[0m
[83.548s] [ 61%] Built target PERFORMANCE_LinearRandomFFTWaveSimBaseAmplitudes
[83.572s] [ 62%] [32mBuilding CXX object test/performance/CMakeFiles/PERFORMANCE_LinearRandomFFTWaveSimElevationAt.dir/LinearRandomFFTWaveSimElevationAt.cc.o[0m
[83.924s] [ 62%] Built target PERFORMANCE_LinearRandomFFTWaveSimCurrentAmplitudes
[83.943s] [ 63%] [32mBuilding CXX object test/performance/CMakeFiles/PERFORMANCE_LinearRegularWaveSimDisplacements.dir/LinearRegularWaveSimDisplacements.cc.o[0m
[85.080s] [ 63%] [32mBuilding CXX object src/systems/hydrodynamics/CMakeFiles/gz-waves1-hydrodynamics-system.dir/Hydrodynamics.cc.o[0m
[85.783s] [ 64%] [32m[1mLinking CXX executable ../../bin/PERFORMANCE_LinearRandomFFTWaveSimDisplacements[0m
[86.110s] [ 65%] [32m[1mLinking CXX executable ../../bin/PERFORMANCE_LinearRandomFFTWaveSimElevationAt[0m
[86.186s] [ 65%] Built target PERFORMANCE_LinearRandomFFTWaveSimDisplacements
[86.206s] [ 66%] [32mBuilding CXX object test/performance/CMakeFiles/PERFORMANCE_WaveSpectrumECKV.dir/WaveSpectrumECKV.cc.o[0m
[86.581s] [ 66%] Built target PERFORMANCE_LinearRandomFFTWaveSimElevationAt
[86.612s] [ 66%] [32mBuilding CXX object test/plots/CMakeFiles/PLOT_GnuPlotExample.dir/PLOT_GnuPlotExample.cc.o[0m
[86.759s] [ 67%] [32m[1mLinking CXX executable ../../bin/PERFORMANCE_LinearRegularWaveSimDisplacements[0m
[87.274s] [ 67%] Built target PERFORMANCE_LinearRegularWaveSimDisplacements
[87.293s] [ 68%] [32mBuilding CXX object test/plots/CMakeFiles/PLOT_LinearRandomFFTWaves.dir/PLOT_LinearRandomFFTWaves.cc.o[0m
[89.618s] [ 69%] [32m[1mLinking CXX executable ../../bin/PLOT_GnuPlotExample[0m
[89.891s] [ 69%] Built target PLOT_GnuPlotExample
[89.912s] [ 70%] [32mBuilding CXX object test/plots/CMakeFiles/PLOT_LinearRandomWaves.dir/PLOT_LinearRandomWaves.cc.o[0m
[90.044s] [ 72%] [32m[1mLinking CXX executable ../../bin/PERFORMANCE_WaveSpectrumECKV[0m
[90.519s] [ 72%] Built target PERFORMANCE_WaveSpectrumECKV
[90.539s] [ 73%] [32mBuilding CXX object test/plots/CMakeFiles/PLOT_LinearRegularWaves.dir/PLOT_LinearRegularWaves.cc.o[0m
[91.656s] [ 74%] [32m[1mLinking CXX executable ../../bin/PLOT_LinearRandomFFTWaves[0m
[92.012s] [ 75%] [32mBuilding CXX object src/systems/waves/CMakeFiles/gz-waves1-rendering.dir/DisplacementMap.cc.o[0m
[92.062s] [ 75%] Built target PLOT_LinearRandomFFTWaves
[92.081s] [ 76%] [32mBuilding CXX object test/plots/CMakeFiles/PLOT_WaveSpectrum.dir/PLOT_WaveSpectrum.cc.o[0m
[92.265s] [ 77%] [32m[1mLinking CXX shared library ../../../lib/libgz-waves1-waves-model-system.so[0m
[92.724s] [ 77%] Built target gz-waves1-waves-model-system
[92.736s] [ 78%] [32mBuilding CXX object src/systems/waves/CMakeFiles/gz-waves1-rendering.dir/OceanGeometry.cc.o[0m
[93.065s] [ 79%] [32mBuilding CXX object src/systems/waves/CMakeFiles/gz-waves1-rendering.dir/OceanVisual.cc.o[0m
[93.424s] [ 80%] [32mBuilding CXX object src/systems/waves/CMakeFiles/gz-waves1-rendering.dir/RenderEngineExtension.cc.o[0m
[94.250s] [ 81%] [32m[1mLinking CXX executable ../../bin/PLOT_LinearRandomWaves[0m
[94.706s] [ 81%] Built target PLOT_LinearRandomWaves
[94.714s] [ 82%] [32mBuilding CXX object src/systems/waves/CMakeFiles/gz-waves1-rendering.dir/RenderEngineExtensionManager.cc.o[0m
[94.890s] [ 83%] [32m[1mLinking CXX executable ../../bin/PLOT_LinearRegularWaves[0m
[95.274s] [ 83%] Built target PLOT_LinearRegularWaves
[95.281s] [ 84%] [32mBuilding CXX object src/systems/waves/CMakeFiles/gz-waves1-rendering.dir/RenderEngineExtensionPlugin.cc.o[0m
[95.618s] [ 86%] [32mBuilding CXX object src/systems/waves/CMakeFiles/gz-waves1-rendering.dir/SceneNodeFactory.cc.o[0m
[97.096s] [ 87%] [32m[1mLinking CXX executable ../../bin/PLOT_WaveSpectrum[0m
[97.584s] [ 87%] Built target PLOT_WaveSpectrum
[117.434s] [ 88%] [32m[1mLinking CXX shared library ../../../lib/libgz-waves1-dynamic-geometry-system.so[0m
[118.213s] [ 88%] Built target gz-waves1-dynamic-geometry-system
[121.816s] [ 89%] [32m[1mLinking CXX shared library ../../../lib/libgz-waves1-rendering.so[0m
[122.018s] [ 89%] Built target gz-waves1-rendering
[122.051s] [ 91%] [32mBuilding CXX object src/systems/waves/CMakeFiles/gz-waves1-rendering-ogre2.dir/Ogre2DisplacementMap.cc.o[0m
[122.051s] [ 93%] [32mBuilding CXX object src/systems/waves/CMakeFiles/gz-waves1-rendering-ogre2.dir/Ogre2DynamicMesh.cc.o[0m
[122.051s] [ 93%] [32mBuilding CXX object src/systems/waves/CMakeFiles/gz-waves1-rendering-ogre2.dir/Ogre2OceanVisual.cc.o[0m
[122.051s] [ 93%] [32mBuilding CXX object src/systems/waves/CMakeFiles/gz-waves1-rendering-ogre2.dir/Ogre2OceanGeometry.cc.o[0m
[122.051s] [ 93%] [32mBuilding CXX object src/systems/waves/CMakeFiles/gz-waves1-waves-visual-system.dir/WavesVisual.cc.o[0m
[122.051s] [ 94%] [32mBuilding CXX object src/systems/waves/CMakeFiles/gz-waves1-rendering-ogre2.dir/Ogre2RenderEngineExtension.cc.o[0m
[123.139s] [ 95%] [32m[1mLinking CXX executable ../bin/UNIT_CGAL_TEST[0m
[124.017s] [ 95%] Built target UNIT_CGAL_TEST
[124.027s] [ 96%] [32mBuilding CXX object src/systems/waves/CMakeFiles/gz-waves1-rendering-ogre2.dir/Ogre2SceneNodeFactory.cc.o[0m
[129.065s] [ 97%] [32m[1mLinking CXX shared library ../../../lib/libgz-waves1-hydrodynamics-system.so[0m
[129.797s] [ 97%] Built target gz-waves1-hydrodynamics-system
[144.281s] [ 98%] [32m[1mLinking CXX shared library ../../../lib/libgz-waves1-waves-visual-system.so[0m
[144.623s] [ 98%] Built target gz-waves1-waves-visual-system
[149.358s] [100%] [32m[1mLinking CXX shared library ../../../lib/libgz-waves1-rendering-ogre2.so[0m
[149.726s] [100%] Built target gz-waves1-rendering-ogre2
[149.889s] Invoked command in '/home/andy/gz_ws/build/gz-waves1' returned '0': /usr/bin/cmake --build /home/andy/gz_ws/build/gz-waves1 -- -j8 -l8
[150.050s] Invoking command in '/home/andy/gz_ws/build/gz-waves1': /usr/bin/cmake --install /home/andy/gz_ws/build/gz-waves1
[150.052s] -- Install configuration: "RelWithDebInfo"
[150.052s] -- Installing: /home/andy/gz_ws/install/lib/cmake/gz-waves1-all/gz-waves1-all-config.cmake
[150.052s] -- Installing: /home/andy/gz_ws/install/lib/cmake/gz-waves1-all/gz-waves1-all-config-version.cmake
[150.052s] -- Installing: /home/andy/gz_ws/install/lib/cmake/gz-waves1-all/gz-waves1-all-targets.cmake
[150.052s] -- Installing: /home/andy/gz_ws/install/include/gz/waves1/gz/waves/detail/Export.hh
[150.052s] -- Installing: /home/andy/gz_ws/install/include/gz/waves1/gz/waves/Export.hh
[150.052s] -- Installing: /home/andy/gz_ws/install/lib/libgz-waves1.so.1.0.0
[150.124s] -- Installing: /home/andy/gz_ws/install/lib/libgz-waves1.so.1
[150.125s] -- Installing: /home/andy/gz_ws/install/lib/libgz-waves1.so
[150.125s] -- Installing: /home/andy/gz_ws/install/lib/cmake/gz-waves1/gz-waves1-config.cmake
[150.125s] -- Installing: /home/andy/gz_ws/install/lib/cmake/gz-waves1/gz-waves1-config-version.cmake
[150.126s] -- Installing: /home/andy/gz_ws/install/lib/cmake/gz-waves1/gz-waves1-targets.cmake
[150.127s] -- Installing: /home/andy/gz_ws/install/lib/cmake/gz-waves1/gz-waves1-targets-relwithdebinfo.cmake
[150.128s] -- Installing: /home/andy/gz_ws/install/lib/pkgconfig/gz-waves1.pc
[150.131s] -- Installing: /home/andy/gz_ws/install/include/gz/waves1/gz/waves/dynamic-geometry-system/detail/Export.hh
[150.131s] -- Installing: /home/andy/gz_ws/install/include/gz/waves1/gz/waves/dynamic-geometry-system/Export.hh
[150.131s] -- Installing: /home/andy/gz_ws/install/lib/libgz-waves1-dynamic-geometry-system.so.1.0.0
[150.136s] -- Installing: /home/andy/gz_ws/install/lib/libgz-waves1-dynamic-geometry-system.so.1
[150.137s] -- Set runtime path of "/home/andy/gz_ws/install/lib/libgz-waves1-dynamic-geometry-system.so.1.0.0" to ""
[150.137s] -- Installing: /home/andy/gz_ws/install/lib/libgz-waves1-dynamic-geometry-system.so
[150.137s] -- Installing: /home/andy/gz_ws/install/lib/cmake/gz-waves1-dynamic-geometry-system/gz-waves1-dynamic-geometry-system-config.cmake
[150.137s] -- Installing: /home/andy/gz_ws/install/lib/cmake/gz-waves1-dynamic-geometry-system/gz-waves1-dynamic-geometry-system-config-version.cmake
[150.139s] -- Installing: /home/andy/gz_ws/install/lib/cmake/gz-waves1-dynamic-geometry-system/gz-waves1-dynamic-geometry-system-targets.cmake
[150.139s] -- Installing: /home/andy/gz_ws/install/lib/cmake/gz-waves1-dynamic-geometry-system/gz-waves1-dynamic-geometry-system-targets-relwithdebinfo.cmake
[150.140s] -- Installing: /home/andy/gz_ws/install/lib/pkgconfig/gz-waves1-dynamic-geometry-system.pc
[150.142s] -- Installing: /home/andy/gz_ws/install/include/gz/waves1/gz/waves/hydrodynamics-system/detail/Export.hh
[150.142s] -- Installing: /home/andy/gz_ws/install/include/gz/waves1/gz/waves/hydrodynamics-system/Export.hh
[150.142s] -- Installing: /home/andy/gz_ws/install/lib/libgz-waves1-hydrodynamics-system.so.1.0.0
[150.153s] -- Installing: /home/andy/gz_ws/install/lib/libgz-waves1-hydrodynamics-system.so.1
[150.153s] -- Set runtime path of "/home/andy/gz_ws/install/lib/libgz-waves1-hydrodynamics-system.so.1.0.0" to ""
[150.153s] -- Installing: /home/andy/gz_ws/install/lib/libgz-waves1-hydrodynamics-system.so
[150.153s] -- Installing: /home/andy/gz_ws/install/lib/cmake/gz-waves1-hydrodynamics-system/gz-waves1-hydrodynamics-system-config.cmake
[150.153s] -- Installing: /home/andy/gz_ws/install/lib/cmake/gz-waves1-hydrodynamics-system/gz-waves1-hydrodynamics-system-config-version.cmake
[150.155s] -- Installing: /home/andy/gz_ws/install/lib/cmake/gz-waves1-hydrodynamics-system/gz-waves1-hydrodynamics-system-targets.cmake
[150.156s] -- Installing: /home/andy/gz_ws/install/lib/cmake/gz-waves1-hydrodynamics-system/gz-waves1-hydrodynamics-system-targets-relwithdebinfo.cmake
[150.156s] -- Installing: /home/andy/gz_ws/install/lib/pkgconfig/gz-waves1-hydrodynamics-system.pc
[150.159s] -- Installing: /home/andy/gz_ws/install/include/gz/waves1/gz/waves/rendering/detail/Export.hh
[150.159s] -- Installing: /home/andy/gz_ws/install/include/gz/waves1/gz/waves/rendering/Export.hh
[150.160s] -- Installing: /home/andy/gz_ws/install/lib/libgz-waves1-rendering.so.1.0.0
[150.162s] -- Installing: /home/andy/gz_ws/install/lib/libgz-waves1-rendering.so.1
[150.163s] -- Set runtime path of "/home/andy/gz_ws/install/lib/libgz-waves1-rendering.so.1.0.0" to ""
[150.163s] -- Installing: /home/andy/gz_ws/install/lib/libgz-waves1-rendering.so
[150.163s] -- Installing: /home/andy/gz_ws/install/lib/cmake/gz-waves1-rendering/gz-waves1-rendering-config.cmake
[150.163s] -- Installing: /home/andy/gz_ws/install/lib/cmake/gz-waves1-rendering/gz-waves1-rendering-config-version.cmake
[150.165s] -- Installing: /home/andy/gz_ws/install/lib/cmake/gz-waves1-rendering/gz-waves1-rendering-targets.cmake
[150.166s] -- Installing: /home/andy/gz_ws/install/lib/cmake/gz-waves1-rendering/gz-waves1-rendering-targets-relwithdebinfo.cmake
[150.166s] -- Installing: /home/andy/gz_ws/install/lib/pkgconfig/gz-waves1-rendering.pc
[150.167s] -- Installing: /home/andy/gz_ws/install/include/gz/waves1/gz/waves/rendering-ogre2/detail/Export.hh
[150.168s] -- Installing: /home/andy/gz_ws/install/include/gz/waves1/gz/waves/rendering-ogre2/Export.hh
[150.168s] -- Installing: /home/andy/gz_ws/install/lib/libgz-waves1-rendering-ogre2.so.1.0.0
[150.176s] -- Installing: /home/andy/gz_ws/install/lib/libgz-waves1-rendering-ogre2.so.1
[150.176s] -- Set runtime path of "/home/andy/gz_ws/install/lib/libgz-waves1-rendering-ogre2.so.1.0.0" to ""
[150.176s] -- Installing: /home/andy/gz_ws/install/lib/libgz-waves1-rendering-ogre2.so
[150.176s] -- Installing: /home/andy/gz_ws/install/lib/cmake/gz-waves1-rendering-ogre2/gz-waves1-rendering-ogre2-config.cmake
[150.177s] -- Installing: /home/andy/gz_ws/install/lib/cmake/gz-waves1-rendering-ogre2/gz-waves1-rendering-ogre2-config-version.cmake
[150.178s] -- Installing: /home/andy/gz_ws/install/lib/cmake/gz-waves1-rendering-ogre2/gz-waves1-rendering-ogre2-targets.cmake
[150.178s] -- Installing: /home/andy/gz_ws/install/lib/cmake/gz-waves1-rendering-ogre2/gz-waves1-rendering-ogre2-targets-relwithdebinfo.cmake
[150.179s] -- Installing: /home/andy/gz_ws/install/lib/pkgconfig/gz-waves1-rendering-ogre2.pc
[150.180s] -- Installing: /home/andy/gz_ws/install/include/gz/waves1/gz/waves/waves-visual-system/detail/Export.hh
[150.181s] -- Installing: /home/andy/gz_ws/install/include/gz/waves1/gz/waves/waves-visual-system/Export.hh
[150.181s] -- Installing: /home/andy/gz_ws/install/lib/libgz-waves1-waves-visual-system.so.1.0.0
[150.188s] -- Installing: /home/andy/gz_ws/install/lib/libgz-waves1-waves-visual-system.so.1
[150.188s] -- Set runtime path of "/home/andy/gz_ws/install/lib/libgz-waves1-waves-visual-system.so.1.0.0" to ""
[150.189s] -- Installing: /home/andy/gz_ws/install/lib/libgz-waves1-waves-visual-system.so
[150.189s] -- Installing: /home/andy/gz_ws/install/lib/cmake/gz-waves1-waves-visual-system/gz-waves1-waves-visual-system-config.cmake
[150.189s] -- Installing: /home/andy/gz_ws/install/lib/cmake/gz-waves1-waves-visual-system/gz-waves1-waves-visual-system-config-version.cmake
[150.190s] -- Installing: /home/andy/gz_ws/install/lib/cmake/gz-waves1-waves-visual-system/gz-waves1-waves-visual-system-targets.cmake
[150.190s] -- Installing: /home/andy/gz_ws/install/lib/cmake/gz-waves1-waves-visual-system/gz-waves1-waves-visual-system-targets-relwithdebinfo.cmake
[150.191s] -- Installing: /home/andy/gz_ws/install/lib/pkgconfig/gz-waves1-waves-visual-system.pc
[150.192s] -- Installing: /home/andy/gz_ws/install/include/gz/waves1/gz/waves/waves-model-system/detail/Export.hh
[150.192s] -- Installing: /home/andy/gz_ws/install/include/gz/waves1/gz/waves/waves-model-system/Export.hh
[150.193s] -- Installing: /home/andy/gz_ws/install/lib/libgz-waves1-waves-model-system.so.1.0.0
[150.206s] -- Installing: /home/andy/gz_ws/install/lib/libgz-waves1-waves-model-system.so.1
[150.206s] -- Set runtime path of "/home/andy/gz_ws/install/lib/libgz-waves1-waves-model-system.so.1.0.0" to ""
[150.207s] -- Installing: /home/andy/gz_ws/install/lib/libgz-waves1-waves-model-system.so
[150.207s] -- Installing: /home/andy/gz_ws/install/lib/cmake/gz-waves1-waves-model-system/gz-waves1-waves-model-system-config.cmake
[150.207s] -- Installing: /home/andy/gz_ws/install/lib/cmake/gz-waves1-waves-model-system/gz-waves1-waves-model-system-config-version.cmake
[150.207s] -- Installing: /home/andy/gz_ws/install/lib/cmake/gz-waves1-waves-model-system/gz-waves1-waves-model-system-targets.cmake
[150.208s] -- Installing: /home/andy/gz_ws/install/lib/cmake/gz-waves1-waves-model-system/gz-waves1-waves-model-system-targets-relwithdebinfo.cmake
[150.208s] -- Installing: /home/andy/gz_ws/install/lib/pkgconfig/gz-waves1-waves-model-system.pc
[150.210s] -- Installing: /home/andy/gz_ws/install/include/gz/waves1/gz/waves/components/Wavefield.hh
[150.211s] -- Installing: /home/andy/gz_ws/install/include/gz/waves1/gz/waves/Algorithm.hh
[150.211s] -- Installing: /home/andy/gz_ws/install/include/gz/waves1/gz/waves/CGALTypes.hh
[150.211s] -- Installing: /home/andy/gz_ws/install/include/gz/waves1/gz/waves/Convert.hh
[150.211s] -- Installing: /home/andy/gz_ws/install/include/gz/waves1/gz/waves/Geometry.hh
[150.212s] -- Installing: /home/andy/gz_ws/install/include/gz/waves1/gz/waves/Grid.hh
[150.212s] -- Installing: /home/andy/gz_ws/install/include/gz/waves1/gz/waves/LinearRandomFFTWaveSimulation.hh
[150.212s] -- Installing: /home/andy/gz_ws/install/include/gz/waves1/gz/waves/LinearRandomWaveSimulation.hh
[150.213s] -- Installing: /home/andy/gz_ws/install/include/gz/waves1/gz/waves/LinearRegularWaveSimulation.hh
[150.213s] -- Installing: /home/andy/gz_ws/install/include/gz/waves1/gz/waves/MeshTools.hh
[150.213s] -- Installing: /home/andy/gz_ws/install/include/gz/waves1/gz/waves/OceanTile.hh
[150.213s] -- Installing: /home/andy/gz_ws/install/include/gz/waves1/gz/waves/PhysicalConstants.hh
[150.214s] -- Installing: /home/andy/gz_ws/install/include/gz/waves1/gz/waves/Physics.hh
[150.214s] -- Installing: /home/andy/gz_ws/install/include/gz/waves1/gz/waves/TriangulatedGrid.hh
[150.214s] -- Installing: /home/andy/gz_ws/install/include/gz/waves1/gz/waves/TrochoidIrregularWaveSimulation.hh
[150.215s] -- Installing: /home/andy/gz_ws/install/include/gz/waves1/gz/waves/Types.hh
[150.215s] -- Installing: /home/andy/gz_ws/install/include/gz/waves1/gz/waves/Utilities.hh
[150.215s] -- Installing: /home/andy/gz_ws/install/include/gz/waves1/gz/waves/WaveParameters.hh
[150.215s] -- Installing: /home/andy/gz_ws/install/include/gz/waves1/gz/waves/WaveSimulation.hh
[150.216s] -- Installing: /home/andy/gz_ws/install/include/gz/waves1/gz/waves/WaveSpectrum.hh
[150.216s] -- Installing: /home/andy/gz_ws/install/include/gz/waves1/gz/waves/WaveSpreadingFunction.hh
[150.216s] -- Installing: /home/andy/gz_ws/install/include/gz/waves1/gz/waves/Wavefield.hh
[150.216s] -- Installing: /home/andy/gz_ws/install/include/gz/waves1/gz/waves/WavefieldSampler.hh
[150.216s] -- Installing: /home/andy/gz_ws/install/include/gz/waves1/gz/waves/../waves.hh
[150.217s] -- Installing: /home/andy/gz_ws/install/include/gz/waves1/gz/waves/config.hh
[150.218s] -- Installing: /home/andy/gz_ws/install/include/gz/waves1/gz/waves/components.hh
[150.220s] -- Installing: /home/andy/gz_ws/install/bin/PLOT_GnuPlotExample
[150.223s] -- Set runtime path of "/home/andy/gz_ws/install/bin/PLOT_GnuPlotExample" to ""
[150.223s] -- Installing: /home/andy/gz_ws/install/bin/PLOT_LinearRandomFFTWaves
[150.226s] -- Set runtime path of "/home/andy/gz_ws/install/bin/PLOT_LinearRandomFFTWaves" to ""
[150.226s] -- Installing: /home/andy/gz_ws/install/bin/PLOT_LinearRandomWaves
[150.230s] -- Set runtime path of "/home/andy/gz_ws/install/bin/PLOT_LinearRandomWaves" to ""
[150.230s] -- Installing: /home/andy/gz_ws/install/bin/PLOT_LinearRegularWaves
[150.233s] -- Set runtime path of "/home/andy/gz_ws/install/bin/PLOT_LinearRegularWaves" to ""
[150.233s] -- Installing: /home/andy/gz_ws/install/bin/PLOT_WaveSpectrum
[150.237s] -- Set runtime path of "/home/andy/gz_ws/install/bin/PLOT_WaveSpectrum" to ""
[150.260s] Invoked command in '/home/andy/gz_ws/build/gz-waves1' returned '0': /usr/bin/cmake --install /home/andy/gz_ws/build/gz-waves1
